{
  "D:\\Interaktiv\\apps\\capsule-design\\src\\theme\\colors.ts": {
    "path": "D:\\Interaktiv\\apps\\capsule-design\\src\\theme\\colors.ts",
    "all": false,
    "statementMap": {
      "0": { "start": { "line": 1, "column": 0 }, "end": { "line": 1, "column": 24 } },
      "1": { "start": { "line": 2, "column": 0 }, "end": { "line": 2, "column": 15 } },
      "2": { "start": { "line": 3, "column": 0 }, "end": { "line": 3, "column": 16 } },
      "3": { "start": { "line": 4, "column": 0 }, "end": { "line": 4, "column": 17 } },
      "4": { "start": { "line": 5, "column": 0 }, "end": { "line": 5, "column": 17 } },
      "5": { "start": { "line": 6, "column": 0 }, "end": { "line": 6, "column": 17 } },
      "6": { "start": { "line": 7, "column": 0 }, "end": { "line": 7, "column": 17 } },
      "7": { "start": { "line": 8, "column": 0 }, "end": { "line": 8, "column": 17 } },
      "8": { "start": { "line": 9, "column": 0 }, "end": { "line": 9, "column": 17 } },
      "9": { "start": { "line": 10, "column": 0 }, "end": { "line": 10, "column": 17 } },
      "10": { "start": { "line": 11, "column": 0 }, "end": { "line": 11, "column": 17 } },
      "11": { "start": { "line": 12, "column": 0 }, "end": { "line": 12, "column": 17 } },
      "12": { "start": { "line": 13, "column": 0 }, "end": { "line": 13, "column": 1 } },
      "13": { "start": { "line": 14, "column": 0 }, "end": { "line": 14, "column": 0 } },
      "14": { "start": { "line": 15, "column": 0 }, "end": { "line": 15, "column": 24 } },
      "15": { "start": { "line": 16, "column": 0 }, "end": { "line": 16, "column": 16 } },
      "16": { "start": { "line": 17, "column": 0 }, "end": { "line": 17, "column": 16 } },
      "17": { "start": { "line": 18, "column": 0 }, "end": { "line": 18, "column": 17 } },
      "18": { "start": { "line": 19, "column": 0 }, "end": { "line": 19, "column": 17 } },
      "19": { "start": { "line": 20, "column": 0 }, "end": { "line": 20, "column": 17 } },
      "20": { "start": { "line": 21, "column": 0 }, "end": { "line": 21, "column": 17 } },
      "21": { "start": { "line": 22, "column": 0 }, "end": { "line": 22, "column": 17 } },
      "22": { "start": { "line": 23, "column": 0 }, "end": { "line": 23, "column": 17 } },
      "23": { "start": { "line": 24, "column": 0 }, "end": { "line": 24, "column": 17 } },
      "24": { "start": { "line": 25, "column": 0 }, "end": { "line": 25, "column": 17 } },
      "25": { "start": { "line": 26, "column": 0 }, "end": { "line": 26, "column": 17 } },
      "26": { "start": { "line": 27, "column": 0 }, "end": { "line": 27, "column": 1 } },
      "27": { "start": { "line": 28, "column": 0 }, "end": { "line": 28, "column": 0 } },
      "28": { "start": { "line": 29, "column": 0 }, "end": { "line": 29, "column": 24 } },
      "29": { "start": { "line": 30, "column": 0 }, "end": { "line": 30, "column": 16 } },
      "30": { "start": { "line": 31, "column": 0 }, "end": { "line": 31, "column": 16 } },
      "31": { "start": { "line": 32, "column": 0 }, "end": { "line": 32, "column": 17 } },
      "32": { "start": { "line": 33, "column": 0 }, "end": { "line": 33, "column": 17 } },
      "33": { "start": { "line": 34, "column": 0 }, "end": { "line": 34, "column": 17 } },
      "34": { "start": { "line": 35, "column": 0 }, "end": { "line": 35, "column": 17 } },
      "35": { "start": { "line": 36, "column": 0 }, "end": { "line": 36, "column": 17 } },
      "36": { "start": { "line": 37, "column": 0 }, "end": { "line": 37, "column": 17 } },
      "37": { "start": { "line": 38, "column": 0 }, "end": { "line": 38, "column": 17 } },
      "38": { "start": { "line": 39, "column": 0 }, "end": { "line": 39, "column": 17 } },
      "39": { "start": { "line": 40, "column": 0 }, "end": { "line": 40, "column": 17 } },
      "40": { "start": { "line": 41, "column": 0 }, "end": { "line": 41, "column": 1 } },
      "41": { "start": { "line": 42, "column": 0 }, "end": { "line": 42, "column": 0 } },
      "42": { "start": { "line": 43, "column": 0 }, "end": { "line": 43, "column": 21 } },
      "43": { "start": { "line": 44, "column": 0 }, "end": { "line": 44, "column": 16 } },
      "44": { "start": { "line": 45, "column": 0 }, "end": { "line": 45, "column": 16 } },
      "45": { "start": { "line": 46, "column": 0 }, "end": { "line": 46, "column": 17 } },
      "46": { "start": { "line": 47, "column": 0 }, "end": { "line": 47, "column": 17 } },
      "47": { "start": { "line": 48, "column": 0 }, "end": { "line": 48, "column": 17 } },
      "48": { "start": { "line": 49, "column": 0 }, "end": { "line": 49, "column": 17 } },
      "49": { "start": { "line": 50, "column": 0 }, "end": { "line": 50, "column": 17 } },
      "50": { "start": { "line": 51, "column": 0 }, "end": { "line": 51, "column": 17 } },
      "51": { "start": { "line": 52, "column": 0 }, "end": { "line": 52, "column": 17 } },
      "52": { "start": { "line": 53, "column": 0 }, "end": { "line": 53, "column": 17 } },
      "53": { "start": { "line": 54, "column": 0 }, "end": { "line": 54, "column": 17 } },
      "54": { "start": { "line": 55, "column": 0 }, "end": { "line": 55, "column": 1 } },
      "55": { "start": { "line": 56, "column": 0 }, "end": { "line": 56, "column": 0 } },
      "56": { "start": { "line": 57, "column": 0 }, "end": { "line": 57, "column": 24 } },
      "57": { "start": { "line": 58, "column": 0 }, "end": { "line": 58, "column": 16 } },
      "58": { "start": { "line": 59, "column": 0 }, "end": { "line": 59, "column": 16 } },
      "59": { "start": { "line": 60, "column": 0 }, "end": { "line": 60, "column": 17 } },
      "60": { "start": { "line": 61, "column": 0 }, "end": { "line": 61, "column": 17 } },
      "61": { "start": { "line": 62, "column": 0 }, "end": { "line": 62, "column": 17 } },
      "62": { "start": { "line": 63, "column": 0 }, "end": { "line": 63, "column": 17 } },
      "63": { "start": { "line": 64, "column": 0 }, "end": { "line": 64, "column": 17 } },
      "64": { "start": { "line": 65, "column": 0 }, "end": { "line": 65, "column": 17 } },
      "65": { "start": { "line": 66, "column": 0 }, "end": { "line": 66, "column": 17 } },
      "66": { "start": { "line": 67, "column": 0 }, "end": { "line": 67, "column": 17 } },
      "67": { "start": { "line": 68, "column": 0 }, "end": { "line": 68, "column": 17 } },
      "68": { "start": { "line": 69, "column": 0 }, "end": { "line": 69, "column": 1 } },
      "69": { "start": { "line": 70, "column": 0 }, "end": { "line": 70, "column": 0 } },
      "70": { "start": { "line": 71, "column": 0 }, "end": { "line": 71, "column": 23 } },
      "71": { "start": { "line": 72, "column": 0 }, "end": { "line": 72, "column": 16 } },
      "72": { "start": { "line": 73, "column": 0 }, "end": { "line": 73, "column": 16 } },
      "73": { "start": { "line": 74, "column": 0 }, "end": { "line": 74, "column": 17 } },
      "74": { "start": { "line": 75, "column": 0 }, "end": { "line": 75, "column": 17 } },
      "75": { "start": { "line": 76, "column": 0 }, "end": { "line": 76, "column": 17 } },
      "76": { "start": { "line": 77, "column": 0 }, "end": { "line": 77, "column": 17 } },
      "77": { "start": { "line": 78, "column": 0 }, "end": { "line": 78, "column": 17 } },
      "78": { "start": { "line": 79, "column": 0 }, "end": { "line": 79, "column": 17 } },
      "79": { "start": { "line": 80, "column": 0 }, "end": { "line": 80, "column": 17 } },
      "80": { "start": { "line": 81, "column": 0 }, "end": { "line": 81, "column": 17 } },
      "81": { "start": { "line": 82, "column": 0 }, "end": { "line": 82, "column": 17 } },
      "82": { "start": { "line": 83, "column": 0 }, "end": { "line": 83, "column": 1 } }
    },
    "s": {
      "0": 1,
      "1": 1,
      "2": 1,
      "3": 1,
      "4": 1,
      "5": 1,
      "6": 1,
      "7": 1,
      "8": 1,
      "9": 1,
      "10": 1,
      "11": 1,
      "12": 1,
      "13": 1,
      "14": 1,
      "15": 1,
      "16": 1,
      "17": 1,
      "18": 1,
      "19": 1,
      "20": 1,
      "21": 1,
      "22": 1,
      "23": 1,
      "24": 1,
      "25": 1,
      "26": 1,
      "27": 1,
      "28": 1,
      "29": 1,
      "30": 1,
      "31": 1,
      "32": 1,
      "33": 1,
      "34": 1,
      "35": 1,
      "36": 1,
      "37": 1,
      "38": 1,
      "39": 1,
      "40": 1,
      "41": 1,
      "42": 1,
      "43": 1,
      "44": 1,
      "45": 1,
      "46": 1,
      "47": 1,
      "48": 1,
      "49": 1,
      "50": 1,
      "51": 1,
      "52": 1,
      "53": 1,
      "54": 1,
      "55": 1,
      "56": 1,
      "57": 1,
      "58": 1,
      "59": 1,
      "60": 1,
      "61": 1,
      "62": 1,
      "63": 1,
      "64": 1,
      "65": 1,
      "66": 1,
      "67": 1,
      "68": 1,
      "69": 1,
      "70": 1,
      "71": 1,
      "72": 1,
      "73": 1,
      "74": 1,
      "75": 1,
      "76": 1,
      "77": 1,
      "78": 1,
      "79": 1,
      "80": 1,
      "81": 1,
      "82": 1
    },
    "branchMap": {},
    "b": {},
    "fnMap": {},
    "f": {}
  }
}
